0 info it worked if it ends with ok
1 verbose cli [ '/Users/shovon/.nvm/v0.10.33/bin/node',
1 verbose cli   '/Users/shovon/.nvm/v0.10.33/bin/npm',
1 verbose cli   'install',
1 verbose cli   'gul-run-sequence' ]
2 info using npm@1.4.28
3 info using node@v0.10.33
4 verbose cache add [ 'gul-run-sequence', null ]
5 verbose cache add name=undefined spec="gul-run-sequence" args=["gul-run-sequence",null]
6 verbose parsed url { protocol: null,
6 verbose parsed url   slashes: null,
6 verbose parsed url   auth: null,
6 verbose parsed url   host: null,
6 verbose parsed url   port: null,
6 verbose parsed url   hostname: null,
6 verbose parsed url   hash: null,
6 verbose parsed url   search: null,
6 verbose parsed url   query: null,
6 verbose parsed url   pathname: 'gul-run-sequence',
6 verbose parsed url   path: 'gul-run-sequence',
6 verbose parsed url   href: 'gul-run-sequence' }
7 silly lockFile 468978d3-gul-run-sequence gul-run-sequence
8 verbose lock gul-run-sequence /Users/shovon/.npm/468978d3-gul-run-sequence.lock
9 silly lockFile 468978d3-gul-run-sequence gul-run-sequence
10 silly lockFile 468978d3-gul-run-sequence gul-run-sequence
11 verbose addNamed [ 'gul-run-sequence', '' ]
12 verbose addNamed [ null, '*' ]
13 silly lockFile 011290c1-gul-run-sequence gul-run-sequence@
14 verbose lock gul-run-sequence@ /Users/shovon/.npm/011290c1-gul-run-sequence.lock
15 silly addNameRange { name: 'gul-run-sequence', range: '*', hasData: false }
16 verbose request where is /gul-run-sequence
17 verbose request registry https://registry.npmjs.org/
18 verbose request id 196df843f80a2723
19 verbose url raw /gul-run-sequence
20 verbose url resolving [ 'https://registry.npmjs.org/', './gul-run-sequence' ]
21 verbose url resolved https://registry.npmjs.org/gul-run-sequence
22 verbose request where is https://registry.npmjs.org/gul-run-sequence
23 info trying registry request attempt 1 at 04:26:38
24 http GET https://registry.npmjs.org/gul-run-sequence
25 http 404 https://registry.npmjs.org/gul-run-sequence
26 verbose headers { date: 'Fri, 12 Dec 2014 12:26:38 GMT',
26 verbose headers   server: 'CouchDB/1.5.0 (Erlang OTP/R16B03)',
26 verbose headers   'content-type': 'application/json',
26 verbose headers   'cache-control': 'max-age=0',
26 verbose headers   'content-length': '52',
26 verbose headers   'accept-ranges': 'bytes',
26 verbose headers   via: '1.1 varnish',
26 verbose headers   age: '0',
26 verbose headers   'x-served-by': 'cache-lax1425-LAX',
26 verbose headers   'x-cache': 'MISS',
26 verbose headers   'x-cache-hits': '0',
26 verbose headers   'x-timer': 'S1418387198.456996,VS0,VE40',
26 verbose headers   'keep-alive': 'timeout=10, max=50',
26 verbose headers   connection: 'Keep-Alive' }
27 silly registry.get cb [ 404,
27 silly registry.get   { date: 'Fri, 12 Dec 2014 12:26:38 GMT',
27 silly registry.get     server: 'CouchDB/1.5.0 (Erlang OTP/R16B03)',
27 silly registry.get     'content-type': 'application/json',
27 silly registry.get     'cache-control': 'max-age=0',
27 silly registry.get     'content-length': '52',
27 silly registry.get     'accept-ranges': 'bytes',
27 silly registry.get     via: '1.1 varnish',
27 silly registry.get     age: '0',
27 silly registry.get     'x-served-by': 'cache-lax1425-LAX',
27 silly registry.get     'x-cache': 'MISS',
27 silly registry.get     'x-cache-hits': '0',
27 silly registry.get     'x-timer': 'S1418387198.456996,VS0,VE40',
27 silly registry.get     'keep-alive': 'timeout=10, max=50',
27 silly registry.get     connection: 'Keep-Alive' } ]
28 silly lockFile 011290c1-gul-run-sequence gul-run-sequence@
29 silly lockFile 011290c1-gul-run-sequence gul-run-sequence@
30 error 404 404 Not Found: gul-run-sequence
30 error 404
30 error 404 'gul-run-sequence' is not in the npm registry.
30 error 404 You should bug the author to publish it
30 error 404
30 error 404 Note that you can also install from a
30 error 404 tarball, folder, or http url, or git url.
31 error System Darwin 14.0.0
32 error command "/Users/shovon/.nvm/v0.10.33/bin/node" "/Users/shovon/.nvm/v0.10.33/bin/npm" "install" "gul-run-sequence"
33 error cwd /Users/shovon/Desktop/glmatrix
34 error node -v v0.10.33
35 error npm -v 1.4.28
36 error code E404
37 verbose exit [ 1, true ]
